{"/Users/seca/book_library/src/controller/authController.js": {"path":"/Users/seca/book_library/src/controller/authController.js","statementMap":{"0":{"start":{"line":6,"column":17},"end":{"line":35,"column":1}},"1":{"start":{"line":7,"column":36},"end":{"line":7,"column":44}},"2":{"start":{"line":9,"column":21},"end":{"line":9,"column":91}},"3":{"start":{"line":11,"column":2},"end":{"line":13,"column":3}},"4":{"start":{"line":12,"column":4},"end":{"line":12,"column":85}},"5":{"start":{"line":15,"column":15},"end":{"line":15,"column":39}},"6":{"start":{"line":16,"column":25},"end":{"line":16,"column":58}},"7":{"start":{"line":18,"column":15},"end":{"line":18,"column":142}},"8":{"start":{"line":20,"column":16},"end":{"line":20,"column":43}},"9":{"start":{"line":22,"column":2},"end":{"line":33,"column":4}},"10":{"start":{"line":37,"column":14},"end":{"line":71,"column":1}},"11":{"start":{"line":38,"column":30},"end":{"line":38,"column":38}},"12":{"start":{"line":40,"column":15},"end":{"line":40,"column":85}},"13":{"start":{"line":42,"column":2},"end":{"line":47,"column":3}},"14":{"start":{"line":43,"column":4},"end":{"line":46,"column":6}},"15":{"start":{"line":49,"column":26},"end":{"line":49,"column":71}},"16":{"start":{"line":51,"column":2},"end":{"line":56,"column":3}},"17":{"start":{"line":52,"column":4},"end":{"line":55,"column":6}},"18":{"start":{"line":58,"column":16},"end":{"line":58,"column":43}},"19":{"start":{"line":60,"column":2},"end":{"line":70,"column":4}},"20":{"start":{"line":73,"column":15},"end":{"line":83,"column":1}},"21":{"start":{"line":74,"column":2},"end":{"line":77,"column":4}},"22":{"start":{"line":78,"column":2},"end":{"line":81,"column":4}},"23":{"start":{"line":85,"column":16},"end":{"line":99,"column":1}},"24":{"start":{"line":86,"column":17},"end":{"line":86,"column":25}},"25":{"start":{"line":87,"column":15},"end":{"line":87,"column":79}},"26":{"start":{"line":88,"column":2},"end":{"line":90,"column":3}},"27":{"start":{"line":89,"column":4},"end":{"line":89,"column":79}},"28":{"start":{"line":91,"column":2},"end":{"line":98,"column":5}},"29":{"start":{"line":101,"column":20},"end":{"line":205,"column":1}},"30":{"start":{"line":102,"column":43},"end":{"line":102,"column":52}},"31":{"start":{"line":103,"column":21},"end":{"line":103,"column":53}},"32":{"start":{"line":104,"column":22},"end":{"line":104,"column":71}},"33":{"start":{"line":105,"column":17},"end":{"line":105,"column":47}},"34":{"start":{"line":109,"column":15},"end":{"line":109,"column":17}},"35":{"start":{"line":110,"column":20},"end":{"line":110,"column":22}},"36":{"start":{"line":112,"column":2},"end":{"line":179,"column":3}},"37":{"start":{"line":113,"column":4},"end":{"line":141,"column":5}},"38":{"start":{"line":142,"column":4},"end":{"line":142,"column":49}},"39":{"start":{"line":143,"column":4},"end":{"line":147,"column":5}},"40":{"start":{"line":148,"column":4},"end":{"line":148,"column":33}},"41":{"start":{"line":150,"column":4},"end":{"line":175,"column":5}},"42":{"start":{"line":176,"column":4},"end":{"line":176,"column":34}},"43":{"start":{"line":177,"column":4},"end":{"line":177,"column":46}},"44":{"start":{"line":178,"column":4},"end":{"line":178,"column":20}},"45":{"start":{"line":181,"column":31},"end":{"line":184,"column":4}},"46":{"start":{"line":186,"column":21},"end":{"line":186,"column":48}},"47":{"start":{"line":187,"column":21},"end":{"line":187,"column":56}},"48":{"start":{"line":189,"column":2},"end":{"line":203,"column":4}},"49":{"start":{"line":207,"column":22},"end":{"line":216,"column":1}},"50":{"start":{"line":208,"column":21},"end":{"line":208,"column":64}},"51":{"start":{"line":209,"column":2},"end":{"line":215,"column":4}}},"fnMap":{"0":{"name":"(anonymous_0)","decl":{"start":{"line":6,"column":17},"end":{"line":6,"column":18}},"loc":{"start":{"line":6,"column":37},"end":{"line":35,"column":1}},"line":6},"1":{"name":"(anonymous_1)","decl":{"start":{"line":37,"column":14},"end":{"line":37,"column":15}},"loc":{"start":{"line":37,"column":34},"end":{"line":71,"column":1}},"line":37},"2":{"name":"(anonymous_2)","decl":{"start":{"line":73,"column":15},"end":{"line":73,"column":16}},"loc":{"start":{"line":73,"column":35},"end":{"line":83,"column":1}},"line":73},"3":{"name":"(anonymous_3)","decl":{"start":{"line":85,"column":16},"end":{"line":85,"column":17}},"loc":{"start":{"line":85,"column":36},"end":{"line":99,"column":1}},"line":85},"4":{"name":"(anonymous_4)","decl":{"start":{"line":101,"column":20},"end":{"line":101,"column":21}},"loc":{"start":{"line":101,"column":40},"end":{"line":205,"column":1}},"line":101},"5":{"name":"(anonymous_5)","decl":{"start":{"line":207,"column":22},"end":{"line":207,"column":23}},"loc":{"start":{"line":207,"column":42},"end":{"line":216,"column":1}},"line":207}},"branchMap":{"0":{"loc":{"start":{"line":11,"column":2},"end":{"line":13,"column":3}},"type":"if","locations":[{"start":{"line":11,"column":2},"end":{"line":13,"column":3}},{"start":{},"end":{}}],"line":11},"1":{"loc":{"start":{"line":42,"column":2},"end":{"line":47,"column":3}},"type":"if","locations":[{"start":{"line":42,"column":2},"end":{"line":47,"column":3}},{"start":{},"end":{}}],"line":42},"2":{"loc":{"start":{"line":51,"column":2},"end":{"line":56,"column":3}},"type":"if","locations":[{"start":{"line":51,"column":2},"end":{"line":56,"column":3}},{"start":{},"end":{}}],"line":51},"3":{"loc":{"start":{"line":88,"column":2},"end":{"line":90,"column":3}},"type":"if","locations":[{"start":{"line":88,"column":2},"end":{"line":90,"column":3}},{"start":{},"end":{}}],"line":88},"4":{"loc":{"start":{"line":88,"column":6},"end":{"line":88,"column":31}},"type":"binary-expr","locations":[{"start":{"line":88,"column":6},"end":{"line":88,"column":11}},{"start":{"line":88,"column":15},"end":{"line":88,"column":31}}],"line":88},"5":{"loc":{"start":{"line":102,"column":18},"end":{"line":102,"column":26}},"type":"default-arg","locations":[{"start":{"line":102,"column":25},"end":{"line":102,"column":26}}],"line":102},"6":{"loc":{"start":{"line":102,"column":28},"end":{"line":102,"column":38}},"type":"default-arg","locations":[{"start":{"line":102,"column":36},"end":{"line":102,"column":38}}],"line":102},"7":{"loc":{"start":{"line":103,"column":33},"end":{"line":103,"column":52}},"type":"binary-expr","locations":[{"start":{"line":103,"column":33},"end":{"line":103,"column":47}},{"start":{"line":103,"column":51},"end":{"line":103,"column":52}}],"line":103},"8":{"loc":{"start":{"line":104,"column":48},"end":{"line":104,"column":69}},"type":"binary-expr","locations":[{"start":{"line":104,"column":48},"end":{"line":104,"column":63}},{"start":{"line":104,"column":67},"end":{"line":104,"column":69}}],"line":104},"9":{"loc":{"start":{"line":112,"column":2},"end":{"line":179,"column":3}},"type":"if","locations":[{"start":{"line":112,"column":2},"end":{"line":179,"column":3}},{"start":{"line":149,"column":9},"end":{"line":179,"column":3}}],"line":112}},"s":{"0":1,"1":3,"2":3,"3":3,"4":1,"5":2,"6":2,"7":2,"8":2,"9":2,"10":1,"11":3,"12":3,"13":3,"14":1,"15":2,"16":2,"17":1,"18":1,"19":1,"20":1,"21":1,"22":1,"23":1,"24":2,"25":2,"26":2,"27":1,"28":1,"29":1,"30":0,"31":0,"32":0,"33":0,"34":0,"35":0,"36":0,"37":0,"38":0,"39":0,"40":0,"41":0,"42":0,"43":0,"44":0,"45":0,"46":0,"47":0,"48":0,"49":1,"50":1,"51":1},"f":{"0":3,"1":3,"2":1,"3":2,"4":0,"5":1},"b":{"0":[1,2],"1":[1,2],"2":[1,1],"3":[1,1],"4":[2,1],"5":[0],"6":[0],"7":[0,0],"8":[0,0],"9":[0,0]},"_coverageSchema":"1a1c01bbd47fc00a2c39e90264f33305004495a9","hash":"3e31b5142026983938867f4c9868aaaa9a1a9ee7"}
,"/Users/seca/book_library/src/controller/bookController.js": {"path":"/Users/seca/book_library/src/controller/bookController.js","statementMap":{"0":{"start":{"line":3,"column":17},"end":{"line":70,"column":1}},"1":{"start":{"line":4,"column":43},"end":{"line":4,"column":52}},"2":{"start":{"line":7,"column":21},"end":{"line":7,"column":53}},"3":{"start":{"line":8,"column":22},"end":{"line":8,"column":71}},"4":{"start":{"line":9,"column":17},"end":{"line":9,"column":47}},"5":{"start":{"line":13,"column":15},"end":{"line":13,"column":17}},"6":{"start":{"line":14,"column":20},"end":{"line":14,"column":22}},"7":{"start":{"line":16,"column":2},"end":{"line":44,"column":3}},"8":{"start":{"line":17,"column":4},"end":{"line":24,"column":6}},"9":{"start":{"line":25,"column":4},"end":{"line":25,"column":50}},"10":{"start":{"line":27,"column":4},"end":{"line":32,"column":6}},"11":{"start":{"line":33,"column":4},"end":{"line":33,"column":34}},"12":{"start":{"line":35,"column":4},"end":{"line":39,"column":6}},"13":{"start":{"line":40,"column":4},"end":{"line":40,"column":35}},"14":{"start":{"line":42,"column":4},"end":{"line":42,"column":47}},"15":{"start":{"line":43,"column":4},"end":{"line":43,"column":21}},"16":{"start":{"line":47,"column":31},"end":{"line":50,"column":4}},"17":{"start":{"line":52,"column":21},"end":{"line":52,"column":48}},"18":{"start":{"line":53,"column":21},"end":{"line":53,"column":56}},"19":{"start":{"line":55,"column":2},"end":{"line":69,"column":5}},"20":{"start":{"line":72,"column":16},"end":{"line":93,"column":1}},"21":{"start":{"line":73,"column":44},"end":{"line":73,"column":52}},"22":{"start":{"line":75,"column":20},"end":{"line":75,"column":88}},"23":{"start":{"line":76,"column":2},"end":{"line":78,"column":3}},"24":{"start":{"line":77,"column":4},"end":{"line":77,"column":84}},"25":{"start":{"line":79,"column":15},"end":{"line":79,"column":158}},"26":{"start":{"line":80,"column":2},"end":{"line":92,"column":4}},"27":{"start":{"line":94,"column":19},"end":{"line":110,"column":1}},"28":{"start":{"line":95,"column":17},"end":{"line":95,"column":27}},"29":{"start":{"line":96,"column":44},"end":{"line":96,"column":52}},"30":{"start":{"line":97,"column":18},"end":{"line":97,"column":82}},"31":{"start":{"line":98,"column":2},"end":{"line":100,"column":3}},"32":{"start":{"line":99,"column":4},"end":{"line":99,"column":80}},"33":{"start":{"line":101,"column":15},"end":{"line":101,"column":171}},"34":{"start":{"line":102,"column":2},"end":{"line":109,"column":4}},"35":{"start":{"line":111,"column":19},"end":{"line":122,"column":1}},"36":{"start":{"line":112,"column":17},"end":{"line":112,"column":27}},"37":{"start":{"line":113,"column":18},"end":{"line":113,"column":82}},"38":{"start":{"line":114,"column":2},"end":{"line":116,"column":3}},"39":{"start":{"line":115,"column":4},"end":{"line":115,"column":80}},"40":{"start":{"line":117,"column":2},"end":{"line":117,"column":71}},"41":{"start":{"line":118,"column":2},"end":{"line":121,"column":4}},"42":{"start":{"line":124,"column":22},"end":{"line":134,"column":1}},"43":{"start":{"line":125,"column":21},"end":{"line":125,"column":80}},"44":{"start":{"line":127,"column":2},"end":{"line":133,"column":4}}},"fnMap":{"0":{"name":"(anonymous_0)","decl":{"start":{"line":3,"column":17},"end":{"line":3,"column":18}},"loc":{"start":{"line":3,"column":37},"end":{"line":70,"column":1}},"line":3},"1":{"name":"(anonymous_1)","decl":{"start":{"line":72,"column":16},"end":{"line":72,"column":17}},"loc":{"start":{"line":72,"column":36},"end":{"line":93,"column":1}},"line":72},"2":{"name":"(anonymous_2)","decl":{"start":{"line":94,"column":19},"end":{"line":94,"column":20}},"loc":{"start":{"line":94,"column":39},"end":{"line":110,"column":1}},"line":94},"3":{"name":"(anonymous_3)","decl":{"start":{"line":111,"column":19},"end":{"line":111,"column":20}},"loc":{"start":{"line":111,"column":39},"end":{"line":122,"column":1}},"line":111},"4":{"name":"(anonymous_4)","decl":{"start":{"line":124,"column":22},"end":{"line":124,"column":23}},"loc":{"start":{"line":124,"column":42},"end":{"line":134,"column":1}},"line":124}},"branchMap":{"0":{"loc":{"start":{"line":4,"column":18},"end":{"line":4,"column":26}},"type":"default-arg","locations":[{"start":{"line":4,"column":25},"end":{"line":4,"column":26}}],"line":4},"1":{"loc":{"start":{"line":4,"column":28},"end":{"line":4,"column":38}},"type":"default-arg","locations":[{"start":{"line":4,"column":36},"end":{"line":4,"column":38}}],"line":4},"2":{"loc":{"start":{"line":7,"column":33},"end":{"line":7,"column":52}},"type":"binary-expr","locations":[{"start":{"line":7,"column":33},"end":{"line":7,"column":47}},{"start":{"line":7,"column":51},"end":{"line":7,"column":52}}],"line":7},"3":{"loc":{"start":{"line":8,"column":48},"end":{"line":8,"column":69}},"type":"binary-expr","locations":[{"start":{"line":8,"column":48},"end":{"line":8,"column":63}},{"start":{"line":8,"column":67},"end":{"line":8,"column":69}}],"line":8},"4":{"loc":{"start":{"line":16,"column":2},"end":{"line":44,"column":3}},"type":"if","locations":[{"start":{"line":16,"column":2},"end":{"line":44,"column":3}},{"start":{"line":34,"column":9},"end":{"line":44,"column":3}}],"line":16},"5":{"loc":{"start":{"line":76,"column":2},"end":{"line":78,"column":3}},"type":"if","locations":[{"start":{"line":76,"column":2},"end":{"line":78,"column":3}},{"start":{},"end":{}}],"line":76},"6":{"loc":{"start":{"line":98,"column":2},"end":{"line":100,"column":3}},"type":"if","locations":[{"start":{"line":98,"column":2},"end":{"line":100,"column":3}},{"start":{},"end":{}}],"line":98},"7":{"loc":{"start":{"line":114,"column":2},"end":{"line":116,"column":3}},"type":"if","locations":[{"start":{"line":114,"column":2},"end":{"line":116,"column":3}},{"start":{},"end":{}}],"line":114}},"s":{"0":1,"1":2,"2":2,"3":2,"4":2,"5":2,"6":2,"7":2,"8":1,"9":1,"10":1,"11":1,"12":1,"13":1,"14":1,"15":1,"16":2,"17":2,"18":2,"19":2,"20":1,"21":2,"22":2,"23":2,"24":1,"25":1,"26":1,"27":1,"28":0,"29":0,"30":0,"31":0,"32":0,"33":0,"34":0,"35":1,"36":0,"37":0,"38":0,"39":0,"40":0,"41":0,"42":1,"43":1,"44":1},"f":{"0":2,"1":2,"2":0,"3":0,"4":1},"b":{"0":[0],"1":[0],"2":[2,0],"3":[2,0],"4":[1,1],"5":[1,1],"6":[0,0],"7":[0,0]},"_coverageSchema":"1a1c01bbd47fc00a2c39e90264f33305004495a9","hash":"4a35864df96ce90c4164e62a0c41204fd6c7db65"}
,"/Users/seca/book_library/src/controller/borrowController.js": {"path":"/Users/seca/book_library/src/controller/borrowController.js","statementMap":{"0":{"start":{"line":3,"column":22},"end":{"line":26,"column":1}},"1":{"start":{"line":4,"column":16},"end":{"line":18,"column":19}},"2":{"start":{"line":19,"column":2},"end":{"line":25,"column":4}},"3":{"start":{"line":27,"column":21},"end":{"line":56,"column":1}},"4":{"start":{"line":28,"column":33},"end":{"line":28,"column":41}},"5":{"start":{"line":29,"column":18},"end":{"line":29,"column":38}},"6":{"start":{"line":30,"column":2},"end":{"line":30,"column":42}},"7":{"start":{"line":31,"column":17},"end":{"line":31,"column":47}},"8":{"start":{"line":32,"column":20},"end":{"line":32,"column":88}},"9":{"start":{"line":33,"column":2},"end":{"line":35,"column":3}},"10":{"start":{"line":34,"column":4},"end":{"line":34,"column":80}},"11":{"start":{"line":36,"column":2},"end":{"line":38,"column":3}},"12":{"start":{"line":37,"column":4},"end":{"line":37,"column":87}},"13":{"start":{"line":40,"column":20},"end":{"line":40,"column":202}},"14":{"start":{"line":42,"column":15},"end":{"line":42,"column":138}},"15":{"start":{"line":44,"column":2},"end":{"line":46,"column":3}},"16":{"start":{"line":45,"column":4},"end":{"line":45,"column":87}},"17":{"start":{"line":47,"column":2},"end":{"line":55,"column":4}},"18":{"start":{"line":57,"column":24},"end":{"line":78,"column":1}},"19":{"start":{"line":58,"column":41},"end":{"line":58,"column":49}},"20":{"start":{"line":59,"column":17},"end":{"line":59,"column":28}},"21":{"start":{"line":61,"column":25},"end":{"line":61,"column":153}},"22":{"start":{"line":62,"column":2},"end":{"line":64,"column":3}},"23":{"start":{"line":63,"column":4},"end":{"line":63,"column":105}},"24":{"start":{"line":66,"column":2},"end":{"line":71,"column":3}},"25":{"start":{"line":67,"column":17},"end":{"line":67,"column":140}},"26":{"start":{"line":68,"column":4},"end":{"line":70,"column":5}},"27":{"start":{"line":69,"column":6},"end":{"line":69,"column":89}},"28":{"start":{"line":72,"column":20},"end":{"line":72,"column":188}},"29":{"start":{"line":73,"column":2},"end":{"line":77,"column":4}},"30":{"start":{"line":79,"column":24},"end":{"line":90,"column":1}},"31":{"start":{"line":80,"column":17},"end":{"line":80,"column":27}},"32":{"start":{"line":81,"column":18},"end":{"line":81,"column":87}},"33":{"start":{"line":82,"column":2},"end":{"line":84,"column":3}},"34":{"start":{"line":83,"column":4},"end":{"line":83,"column":68}},"35":{"start":{"line":85,"column":2},"end":{"line":85,"column":76}},"36":{"start":{"line":86,"column":2},"end":{"line":89,"column":4}},"37":{"start":{"line":92,"column":27},"end":{"line":100,"column":1}},"38":{"start":{"line":93,"column":26},"end":{"line":93,"column":74}},"39":{"start":{"line":94,"column":2},"end":{"line":99,"column":4}}},"fnMap":{"0":{"name":"(anonymous_0)","decl":{"start":{"line":3,"column":22},"end":{"line":3,"column":23}},"loc":{"start":{"line":3,"column":42},"end":{"line":26,"column":1}},"line":3},"1":{"name":"(anonymous_1)","decl":{"start":{"line":27,"column":21},"end":{"line":27,"column":22}},"loc":{"start":{"line":27,"column":41},"end":{"line":56,"column":1}},"line":27},"2":{"name":"(anonymous_2)","decl":{"start":{"line":57,"column":24},"end":{"line":57,"column":25}},"loc":{"start":{"line":57,"column":44},"end":{"line":78,"column":1}},"line":57},"3":{"name":"(anonymous_3)","decl":{"start":{"line":79,"column":24},"end":{"line":79,"column":25}},"loc":{"start":{"line":79,"column":44},"end":{"line":90,"column":1}},"line":79},"4":{"name":"(anonymous_4)","decl":{"start":{"line":92,"column":27},"end":{"line":92,"column":28}},"loc":{"start":{"line":92,"column":47},"end":{"line":100,"column":1}},"line":92}},"branchMap":{"0":{"loc":{"start":{"line":31,"column":17},"end":{"line":31,"column":47}},"type":"binary-expr","locations":[{"start":{"line":31,"column":17},"end":{"line":31,"column":28}},{"start":{"line":31,"column":32},"end":{"line":31,"column":47}}],"line":31},"1":{"loc":{"start":{"line":33,"column":2},"end":{"line":35,"column":3}},"type":"if","locations":[{"start":{"line":33,"column":2},"end":{"line":35,"column":3}},{"start":{},"end":{}}],"line":33},"2":{"loc":{"start":{"line":36,"column":2},"end":{"line":38,"column":3}},"type":"if","locations":[{"start":{"line":36,"column":2},"end":{"line":38,"column":3}},{"start":{},"end":{}}],"line":36},"3":{"loc":{"start":{"line":44,"column":2},"end":{"line":46,"column":3}},"type":"if","locations":[{"start":{"line":44,"column":2},"end":{"line":46,"column":3}},{"start":{},"end":{}}],"line":44},"4":{"loc":{"start":{"line":62,"column":2},"end":{"line":64,"column":3}},"type":"if","locations":[{"start":{"line":62,"column":2},"end":{"line":64,"column":3}},{"start":{},"end":{}}],"line":62},"5":{"loc":{"start":{"line":66,"column":2},"end":{"line":71,"column":3}},"type":"if","locations":[{"start":{"line":66,"column":2},"end":{"line":71,"column":3}},{"start":{},"end":{}}],"line":66},"6":{"loc":{"start":{"line":68,"column":4},"end":{"line":70,"column":5}},"type":"if","locations":[{"start":{"line":68,"column":4},"end":{"line":70,"column":5}},{"start":{},"end":{}}],"line":68},"7":{"loc":{"start":{"line":82,"column":2},"end":{"line":84,"column":3}},"type":"if","locations":[{"start":{"line":82,"column":2},"end":{"line":84,"column":3}},{"start":{},"end":{}}],"line":82}},"s":{"0":1,"1":1,"2":1,"3":1,"4":3,"5":3,"6":3,"7":3,"8":3,"9":3,"10":1,"11":2,"12":1,"13":1,"14":1,"15":1,"16":0,"17":1,"18":1,"19":0,"20":0,"21":0,"22":0,"23":0,"24":0,"25":0,"26":0,"27":0,"28":0,"29":0,"30":1,"31":0,"32":0,"33":0,"34":0,"35":0,"36":0,"37":1,"38":1,"39":1},"f":{"0":1,"1":3,"2":0,"3":0,"4":1},"b":{"0":[3,0],"1":[1,2],"2":[1,1],"3":[0,1],"4":[0,0],"5":[0,0],"6":[0,0],"7":[0,0]},"_coverageSchema":"1a1c01bbd47fc00a2c39e90264f33305004495a9","hash":"dcdb77cf7669604b83801b77d9775b0f1880fcff"}
,"/Users/seca/book_library/src/middleware/authMiddleware.js": {"path":"/Users/seca/book_library/src/middleware/authMiddleware.js","statementMap":{"0":{"start":{"line":5,"column":23},"end":{"line":30,"column":1}},"1":{"start":{"line":8,"column":4},"end":{"line":12,"column":5}},"2":{"start":{"line":9,"column":6},"end":{"line":9,"column":30}},"3":{"start":{"line":10,"column":11},"end":{"line":12,"column":5}},"4":{"start":{"line":11,"column":6},"end":{"line":11,"column":54}},"5":{"start":{"line":13,"column":4},"end":{"line":15,"column":5}},"6":{"start":{"line":14,"column":6},"end":{"line":14,"column":63}},"7":{"start":{"line":17,"column":4},"end":{"line":27,"column":5}},"8":{"start":{"line":18,"column":22},"end":{"line":18,"column":63}},"9":{"start":{"line":19,"column":19},"end":{"line":19,"column":91}},"10":{"start":{"line":20,"column":6},"end":{"line":22,"column":7}},"11":{"start":{"line":21,"column":8},"end":{"line":21,"column":67}},"12":{"start":{"line":23,"column":6},"end":{"line":23,"column":22}},"13":{"start":{"line":24,"column":6},"end":{"line":24,"column":13}},"14":{"start":{"line":26,"column":6},"end":{"line":26,"column":80}}},"fnMap":{"0":{"name":"(anonymous_0)","decl":{"start":{"line":5,"column":23},"end":{"line":5,"column":24}},"loc":{"start":{"line":5,"column":49},"end":{"line":30,"column":1}},"line":5}},"branchMap":{"0":{"loc":{"start":{"line":8,"column":4},"end":{"line":12,"column":5}},"type":"if","locations":[{"start":{"line":8,"column":4},"end":{"line":12,"column":5}},{"start":{"line":10,"column":11},"end":{"line":12,"column":5}}],"line":8},"1":{"loc":{"start":{"line":8,"column":8},"end":{"line":8,"column":59}},"type":"binary-expr","locations":[{"start":{"line":8,"column":8},"end":{"line":8,"column":24}},{"start":{"line":8,"column":28},"end":{"line":8,"column":59}}],"line":8},"2":{"loc":{"start":{"line":10,"column":11},"end":{"line":12,"column":5}},"type":"if","locations":[{"start":{"line":10,"column":11},"end":{"line":12,"column":5}},{"start":{},"end":{}}],"line":10},"3":{"loc":{"start":{"line":10,"column":15},"end":{"line":10,"column":90}},"type":"binary-expr","locations":[{"start":{"line":10,"column":15},"end":{"line":10,"column":40}},{"start":{"line":10,"column":44},"end":{"line":10,"column":90}}],"line":10},"4":{"loc":{"start":{"line":13,"column":4},"end":{"line":15,"column":5}},"type":"if","locations":[{"start":{"line":13,"column":4},"end":{"line":15,"column":5}},{"start":{},"end":{}}],"line":13},"5":{"loc":{"start":{"line":20,"column":6},"end":{"line":22,"column":7}},"type":"if","locations":[{"start":{"line":20,"column":6},"end":{"line":22,"column":7}},{"start":{},"end":{}}],"line":20}},"s":{"0":1,"1":6,"2":3,"3":3,"4":1,"5":6,"6":2,"7":4,"8":4,"9":3,"10":3,"11":1,"12":2,"13":2,"14":1},"f":{"0":6},"b":{"0":[3,3],"1":[6,4],"2":[1,2],"3":[3,1],"4":[2,4],"5":[1,2]},"_coverageSchema":"1a1c01bbd47fc00a2c39e90264f33305004495a9","hash":"c7b0e0d9761c533f57a94b77b36e323cf3574f5c"}
,"/Users/seca/book_library/src/utils/generateToken.js": {"path":"/Users/seca/book_library/src/utils/generateToken.js","statementMap":{"0":{"start":{"line":3,"column":29},"end":{"line":18,"column":1}},"1":{"start":{"line":4,"column":18},"end":{"line":6,"column":3}},"2":{"start":{"line":8,"column":16},"end":{"line":8,"column":108}},"3":{"start":{"line":10,"column":2},"end":{"line":15,"column":4}},"4":{"start":{"line":17,"column":2},"end":{"line":17,"column":15}}},"fnMap":{"0":{"name":"(anonymous_0)","decl":{"start":{"line":3,"column":29},"end":{"line":3,"column":30}},"loc":{"start":{"line":3,"column":46},"end":{"line":18,"column":1}},"line":3}},"branchMap":{"0":{"loc":{"start":{"line":8,"column":71},"end":{"line":8,"column":105}},"type":"binary-expr","locations":[{"start":{"line":8,"column":71},"end":{"line":8,"column":97}},{"start":{"line":8,"column":101},"end":{"line":8,"column":105}}],"line":8}},"s":{"0":1,"1":5,"2":5,"3":5,"4":5},"f":{"0":5},"b":{"0":[5,1]},"_coverageSchema":"1a1c01bbd47fc00a2c39e90264f33305004495a9","hash":"9c5da1e8c77494c1eac3f44dd307314d380fba0b"}
}
