{"/Users/seca/book_library/src/controller/authController.js": {"path":"/Users/seca/book_library/src/controller/authController.js","statementMap":{"0":{"start":{"line":6,"column":17},"end":{"line":35,"column":1}},"1":{"start":{"line":7,"column":36},"end":{"line":7,"column":44}},"2":{"start":{"line":9,"column":21},"end":{"line":9,"column":91}},"3":{"start":{"line":11,"column":2},"end":{"line":13,"column":3}},"4":{"start":{"line":12,"column":4},"end":{"line":12,"column":85}},"5":{"start":{"line":15,"column":15},"end":{"line":15,"column":39}},"6":{"start":{"line":16,"column":25},"end":{"line":16,"column":58}},"7":{"start":{"line":18,"column":15},"end":{"line":18,"column":142}},"8":{"start":{"line":20,"column":16},"end":{"line":20,"column":43}},"9":{"start":{"line":22,"column":2},"end":{"line":33,"column":4}},"10":{"start":{"line":37,"column":14},"end":{"line":71,"column":1}},"11":{"start":{"line":38,"column":30},"end":{"line":38,"column":38}},"12":{"start":{"line":40,"column":15},"end":{"line":40,"column":85}},"13":{"start":{"line":42,"column":2},"end":{"line":47,"column":3}},"14":{"start":{"line":43,"column":4},"end":{"line":46,"column":6}},"15":{"start":{"line":49,"column":26},"end":{"line":49,"column":71}},"16":{"start":{"line":51,"column":2},"end":{"line":56,"column":3}},"17":{"start":{"line":52,"column":4},"end":{"line":55,"column":6}},"18":{"start":{"line":58,"column":16},"end":{"line":58,"column":43}},"19":{"start":{"line":60,"column":2},"end":{"line":70,"column":4}},"20":{"start":{"line":73,"column":15},"end":{"line":83,"column":1}},"21":{"start":{"line":74,"column":2},"end":{"line":77,"column":4}},"22":{"start":{"line":78,"column":2},"end":{"line":81,"column":4}},"23":{"start":{"line":85,"column":16},"end":{"line":99,"column":1}},"24":{"start":{"line":86,"column":17},"end":{"line":86,"column":25}},"25":{"start":{"line":87,"column":15},"end":{"line":87,"column":79}},"26":{"start":{"line":88,"column":2},"end":{"line":90,"column":3}},"27":{"start":{"line":89,"column":4},"end":{"line":89,"column":79}},"28":{"start":{"line":91,"column":2},"end":{"line":98,"column":5}},"29":{"start":{"line":101,"column":20},"end":{"line":205,"column":1}},"30":{"start":{"line":102,"column":43},"end":{"line":102,"column":52}},"31":{"start":{"line":103,"column":21},"end":{"line":103,"column":53}},"32":{"start":{"line":104,"column":22},"end":{"line":104,"column":71}},"33":{"start":{"line":105,"column":17},"end":{"line":105,"column":47}},"34":{"start":{"line":109,"column":15},"end":{"line":109,"column":17}},"35":{"start":{"line":110,"column":20},"end":{"line":110,"column":22}},"36":{"start":{"line":112,"column":2},"end":{"line":179,"column":3}},"37":{"start":{"line":113,"column":4},"end":{"line":141,"column":5}},"38":{"start":{"line":142,"column":4},"end":{"line":142,"column":49}},"39":{"start":{"line":143,"column":4},"end":{"line":147,"column":5}},"40":{"start":{"line":148,"column":4},"end":{"line":148,"column":33}},"41":{"start":{"line":150,"column":4},"end":{"line":175,"column":5}},"42":{"start":{"line":176,"column":4},"end":{"line":176,"column":34}},"43":{"start":{"line":177,"column":4},"end":{"line":177,"column":46}},"44":{"start":{"line":178,"column":4},"end":{"line":178,"column":20}},"45":{"start":{"line":181,"column":31},"end":{"line":184,"column":4}},"46":{"start":{"line":186,"column":21},"end":{"line":186,"column":48}},"47":{"start":{"line":187,"column":21},"end":{"line":187,"column":56}},"48":{"start":{"line":189,"column":2},"end":{"line":203,"column":4}},"49":{"start":{"line":207,"column":22},"end":{"line":216,"column":1}},"50":{"start":{"line":208,"column":21},"end":{"line":208,"column":64}},"51":{"start":{"line":209,"column":2},"end":{"line":215,"column":4}}},"fnMap":{"0":{"name":"(anonymous_0)","decl":{"start":{"line":6,"column":17},"end":{"line":6,"column":18}},"loc":{"start":{"line":6,"column":37},"end":{"line":35,"column":1}},"line":6},"1":{"name":"(anonymous_1)","decl":{"start":{"line":37,"column":14},"end":{"line":37,"column":15}},"loc":{"start":{"line":37,"column":34},"end":{"line":71,"column":1}},"line":37},"2":{"name":"(anonymous_2)","decl":{"start":{"line":73,"column":15},"end":{"line":73,"column":16}},"loc":{"start":{"line":73,"column":35},"end":{"line":83,"column":1}},"line":73},"3":{"name":"(anonymous_3)","decl":{"start":{"line":85,"column":16},"end":{"line":85,"column":17}},"loc":{"start":{"line":85,"column":36},"end":{"line":99,"column":1}},"line":85},"4":{"name":"(anonymous_4)","decl":{"start":{"line":101,"column":20},"end":{"line":101,"column":21}},"loc":{"start":{"line":101,"column":40},"end":{"line":205,"column":1}},"line":101},"5":{"name":"(anonymous_5)","decl":{"start":{"line":207,"column":22},"end":{"line":207,"column":23}},"loc":{"start":{"line":207,"column":42},"end":{"line":216,"column":1}},"line":207}},"branchMap":{"0":{"loc":{"start":{"line":11,"column":2},"end":{"line":13,"column":3}},"type":"if","locations":[{"start":{"line":11,"column":2},"end":{"line":13,"column":3}},{"start":{},"end":{}}],"line":11},"1":{"loc":{"start":{"line":42,"column":2},"end":{"line":47,"column":3}},"type":"if","locations":[{"start":{"line":42,"column":2},"end":{"line":47,"column":3}},{"start":{},"end":{}}],"line":42},"2":{"loc":{"start":{"line":51,"column":2},"end":{"line":56,"column":3}},"type":"if","locations":[{"start":{"line":51,"column":2},"end":{"line":56,"column":3}},{"start":{},"end":{}}],"line":51},"3":{"loc":{"start":{"line":88,"column":2},"end":{"line":90,"column":3}},"type":"if","locations":[{"start":{"line":88,"column":2},"end":{"line":90,"column":3}},{"start":{},"end":{}}],"line":88},"4":{"loc":{"start":{"line":88,"column":6},"end":{"line":88,"column":31}},"type":"binary-expr","locations":[{"start":{"line":88,"column":6},"end":{"line":88,"column":11}},{"start":{"line":88,"column":15},"end":{"line":88,"column":31}}],"line":88},"5":{"loc":{"start":{"line":102,"column":18},"end":{"line":102,"column":26}},"type":"default-arg","locations":[{"start":{"line":102,"column":25},"end":{"line":102,"column":26}}],"line":102},"6":{"loc":{"start":{"line":102,"column":28},"end":{"line":102,"column":38}},"type":"default-arg","locations":[{"start":{"line":102,"column":36},"end":{"line":102,"column":38}}],"line":102},"7":{"loc":{"start":{"line":103,"column":33},"end":{"line":103,"column":52}},"type":"binary-expr","locations":[{"start":{"line":103,"column":33},"end":{"line":103,"column":47}},{"start":{"line":103,"column":51},"end":{"line":103,"column":52}}],"line":103},"8":{"loc":{"start":{"line":104,"column":48},"end":{"line":104,"column":69}},"type":"binary-expr","locations":[{"start":{"line":104,"column":48},"end":{"line":104,"column":63}},{"start":{"line":104,"column":67},"end":{"line":104,"column":69}}],"line":104},"9":{"loc":{"start":{"line":112,"column":2},"end":{"line":179,"column":3}},"type":"if","locations":[{"start":{"line":112,"column":2},"end":{"line":179,"column":3}},{"start":{"line":149,"column":9},"end":{"line":179,"column":3}}],"line":112}},"s":{"0":1,"1":3,"2":3,"3":3,"4":1,"5":2,"6":2,"7":2,"8":2,"9":2,"10":1,"11":3,"12":3,"13":3,"14":1,"15":2,"16":2,"17":1,"18":1,"19":1,"20":1,"21":1,"22":1,"23":1,"24":2,"25":2,"26":2,"27":1,"28":1,"29":1,"30":0,"31":0,"32":0,"33":0,"34":0,"35":0,"36":0,"37":0,"38":0,"39":0,"40":0,"41":0,"42":0,"43":0,"44":0,"45":0,"46":0,"47":0,"48":0,"49":1,"50":1,"51":1},"f":{"0":3,"1":3,"2":1,"3":2,"4":0,"5":1},"b":{"0":[1,2],"1":[1,2],"2":[1,1],"3":[1,1],"4":[2,1],"5":[0],"6":[0],"7":[0,0],"8":[0,0],"9":[0,0]},"_coverageSchema":"1a1c01bbd47fc00a2c39e90264f33305004495a9","hash":"3e31b5142026983938867f4c9868aaaa9a1a9ee7"}
,"/Users/seca/book_library/src/middleware/authMiddleware.js": {"path":"/Users/seca/book_library/src/middleware/authMiddleware.js","statementMap":{"0":{"start":{"line":5,"column":23},"end":{"line":30,"column":1}},"1":{"start":{"line":8,"column":4},"end":{"line":12,"column":5}},"2":{"start":{"line":9,"column":6},"end":{"line":9,"column":30}},"3":{"start":{"line":10,"column":11},"end":{"line":12,"column":5}},"4":{"start":{"line":11,"column":6},"end":{"line":11,"column":54}},"5":{"start":{"line":13,"column":4},"end":{"line":15,"column":5}},"6":{"start":{"line":14,"column":6},"end":{"line":14,"column":63}},"7":{"start":{"line":17,"column":4},"end":{"line":27,"column":5}},"8":{"start":{"line":18,"column":22},"end":{"line":18,"column":63}},"9":{"start":{"line":19,"column":19},"end":{"line":19,"column":91}},"10":{"start":{"line":20,"column":6},"end":{"line":22,"column":7}},"11":{"start":{"line":21,"column":8},"end":{"line":21,"column":67}},"12":{"start":{"line":23,"column":6},"end":{"line":23,"column":22}},"13":{"start":{"line":24,"column":6},"end":{"line":24,"column":13}},"14":{"start":{"line":26,"column":6},"end":{"line":26,"column":80}}},"fnMap":{"0":{"name":"(anonymous_0)","decl":{"start":{"line":5,"column":23},"end":{"line":5,"column":24}},"loc":{"start":{"line":5,"column":49},"end":{"line":30,"column":1}},"line":5}},"branchMap":{"0":{"loc":{"start":{"line":8,"column":4},"end":{"line":12,"column":5}},"type":"if","locations":[{"start":{"line":8,"column":4},"end":{"line":12,"column":5}},{"start":{"line":10,"column":11},"end":{"line":12,"column":5}}],"line":8},"1":{"loc":{"start":{"line":8,"column":8},"end":{"line":8,"column":59}},"type":"binary-expr","locations":[{"start":{"line":8,"column":8},"end":{"line":8,"column":24}},{"start":{"line":8,"column":28},"end":{"line":8,"column":59}}],"line":8},"2":{"loc":{"start":{"line":10,"column":11},"end":{"line":12,"column":5}},"type":"if","locations":[{"start":{"line":10,"column":11},"end":{"line":12,"column":5}},{"start":{},"end":{}}],"line":10},"3":{"loc":{"start":{"line":10,"column":15},"end":{"line":10,"column":90}},"type":"binary-expr","locations":[{"start":{"line":10,"column":15},"end":{"line":10,"column":40}},{"start":{"line":10,"column":44},"end":{"line":10,"column":90}}],"line":10},"4":{"loc":{"start":{"line":13,"column":4},"end":{"line":15,"column":5}},"type":"if","locations":[{"start":{"line":13,"column":4},"end":{"line":15,"column":5}},{"start":{},"end":{}}],"line":13},"5":{"loc":{"start":{"line":20,"column":6},"end":{"line":22,"column":7}},"type":"if","locations":[{"start":{"line":20,"column":6},"end":{"line":22,"column":7}},{"start":{},"end":{}}],"line":20}},"s":{"0":1,"1":6,"2":3,"3":3,"4":1,"5":6,"6":2,"7":4,"8":4,"9":3,"10":3,"11":1,"12":2,"13":2,"14":1},"f":{"0":6},"b":{"0":[3,3],"1":[6,4],"2":[1,2],"3":[3,1],"4":[2,4],"5":[1,2]},"_coverageSchema":"1a1c01bbd47fc00a2c39e90264f33305004495a9","hash":"c7b0e0d9761c533f57a94b77b36e323cf3574f5c"}
,"/Users/seca/book_library/src/utils/generateToken.js": {"path":"/Users/seca/book_library/src/utils/generateToken.js","statementMap":{"0":{"start":{"line":3,"column":29},"end":{"line":18,"column":1}},"1":{"start":{"line":4,"column":18},"end":{"line":6,"column":3}},"2":{"start":{"line":8,"column":16},"end":{"line":8,"column":108}},"3":{"start":{"line":10,"column":2},"end":{"line":15,"column":4}},"4":{"start":{"line":17,"column":2},"end":{"line":17,"column":15}}},"fnMap":{"0":{"name":"(anonymous_0)","decl":{"start":{"line":3,"column":29},"end":{"line":3,"column":30}},"loc":{"start":{"line":3,"column":46},"end":{"line":18,"column":1}},"line":3}},"branchMap":{"0":{"loc":{"start":{"line":8,"column":71},"end":{"line":8,"column":105}},"type":"binary-expr","locations":[{"start":{"line":8,"column":71},"end":{"line":8,"column":97}},{"start":{"line":8,"column":101},"end":{"line":8,"column":105}}],"line":8}},"s":{"0":1,"1":5,"2":5,"3":5,"4":5},"f":{"0":5},"b":{"0":[5,1]},"_coverageSchema":"1a1c01bbd47fc00a2c39e90264f33305004495a9","hash":"9c5da1e8c77494c1eac3f44dd307314d380fba0b"}
}
