TN:
SF:src/controller/authController.js
FN:6,(anonymous_0)
FN:37,(anonymous_1)
FN:73,(anonymous_2)
FN:85,(anonymous_3)
FN:101,(anonymous_4)
FN:207,(anonymous_5)
FNF:6
FNH:5
FNDA:3,(anonymous_0)
FNDA:3,(anonymous_1)
FNDA:1,(anonymous_2)
FNDA:2,(anonymous_3)
FNDA:0,(anonymous_4)
FNDA:1,(anonymous_5)
DA:6,1
DA:7,3
DA:9,3
DA:11,3
DA:12,1
DA:15,2
DA:16,2
DA:18,2
DA:20,2
DA:22,2
DA:37,1
DA:38,3
DA:40,3
DA:42,3
DA:43,1
DA:49,2
DA:51,2
DA:52,1
DA:58,1
DA:60,1
DA:73,1
DA:74,1
DA:78,1
DA:85,1
DA:86,2
DA:87,2
DA:88,2
DA:89,1
DA:91,1
DA:101,1
DA:102,0
DA:103,0
DA:104,0
DA:105,0
DA:109,0
DA:110,0
DA:112,0
DA:113,0
DA:142,0
DA:143,0
DA:148,0
DA:150,0
DA:176,0
DA:177,0
DA:178,0
DA:181,0
DA:186,0
DA:187,0
DA:189,0
DA:207,1
DA:208,1
DA:209,1
LF:52
LH:33
BRDA:11,0,0,1
BRDA:11,0,1,2
BRDA:42,1,0,1
BRDA:42,1,1,2
BRDA:51,2,0,1
BRDA:51,2,1,1
BRDA:88,3,0,1
BRDA:88,3,1,1
BRDA:88,4,0,2
BRDA:88,4,1,1
BRDA:102,5,0,0
BRDA:102,6,0,0
BRDA:103,7,0,0
BRDA:103,7,1,0
BRDA:104,8,0,0
BRDA:104,8,1,0
BRDA:112,9,0,0
BRDA:112,9,1,0
BRF:18
BRH:10
end_of_record
TN:
SF:src/middleware/authMiddleware.js
FN:5,(anonymous_0)
FNF:1
FNH:1
FNDA:6,(anonymous_0)
DA:5,1
DA:8,6
DA:9,3
DA:10,3
DA:11,1
DA:13,6
DA:14,2
DA:17,4
DA:18,4
DA:19,3
DA:20,3
DA:21,1
DA:23,2
DA:24,2
DA:26,1
LF:15
LH:15
BRDA:8,0,0,3
BRDA:8,0,1,3
BRDA:8,1,0,6
BRDA:8,1,1,4
BRDA:10,2,0,1
BRDA:10,2,1,2
BRDA:10,3,0,3
BRDA:10,3,1,1
BRDA:13,4,0,2
BRDA:13,4,1,4
BRDA:20,5,0,1
BRDA:20,5,1,2
BRF:12
BRH:12
end_of_record
TN:
SF:src/utils/generateToken.js
FN:3,(anonymous_0)
FNF:1
FNH:1
FNDA:5,(anonymous_0)
DA:3,1
DA:4,5
DA:8,5
DA:10,5
DA:17,5
LF:5
LH:5
BRDA:8,0,0,5
BRDA:8,0,1,1
BRF:2
BRH:2
end_of_record
