TN:
SF:src/controller/authController.js
FN:6,(anonymous_0)
FN:37,(anonymous_1)
FN:73,(anonymous_2)
FN:85,(anonymous_3)
FN:101,(anonymous_4)
FN:207,(anonymous_5)
FNF:6
FNH:5
FNDA:3,(anonymous_0)
FNDA:3,(anonymous_1)
FNDA:1,(anonymous_2)
FNDA:2,(anonymous_3)
FNDA:0,(anonymous_4)
FNDA:1,(anonymous_5)
DA:6,1
DA:7,3
DA:9,3
DA:11,3
DA:12,1
DA:15,2
DA:16,2
DA:18,2
DA:20,2
DA:22,2
DA:37,1
DA:38,3
DA:40,3
DA:42,3
DA:43,1
DA:49,2
DA:51,2
DA:52,1
DA:58,1
DA:60,1
DA:73,1
DA:74,1
DA:78,1
DA:85,1
DA:86,2
DA:87,2
DA:88,2
DA:89,1
DA:91,1
DA:101,1
DA:102,0
DA:103,0
DA:104,0
DA:105,0
DA:109,0
DA:110,0
DA:112,0
DA:113,0
DA:142,0
DA:143,0
DA:148,0
DA:150,0
DA:176,0
DA:177,0
DA:178,0
DA:181,0
DA:186,0
DA:187,0
DA:189,0
DA:207,1
DA:208,1
DA:209,1
LF:52
LH:33
BRDA:11,0,0,1
BRDA:11,0,1,2
BRDA:42,1,0,1
BRDA:42,1,1,2
BRDA:51,2,0,1
BRDA:51,2,1,1
BRDA:88,3,0,1
BRDA:88,3,1,1
BRDA:88,4,0,2
BRDA:88,4,1,1
BRDA:102,5,0,0
BRDA:102,6,0,0
BRDA:103,7,0,0
BRDA:103,7,1,0
BRDA:104,8,0,0
BRDA:104,8,1,0
BRDA:112,9,0,0
BRDA:112,9,1,0
BRF:18
BRH:10
end_of_record
TN:
SF:src/controller/bookController.js
FN:3,(anonymous_0)
FN:72,(anonymous_1)
FN:94,(anonymous_2)
FN:111,(anonymous_3)
FN:124,(anonymous_4)
FNF:5
FNH:3
FNDA:2,(anonymous_0)
FNDA:2,(anonymous_1)
FNDA:0,(anonymous_2)
FNDA:0,(anonymous_3)
FNDA:1,(anonymous_4)
DA:3,1
DA:4,2
DA:7,2
DA:8,2
DA:9,2
DA:13,2
DA:14,2
DA:16,2
DA:17,1
DA:25,1
DA:27,1
DA:33,1
DA:35,1
DA:40,1
DA:42,1
DA:43,1
DA:47,2
DA:52,2
DA:53,2
DA:55,2
DA:72,1
DA:73,2
DA:75,2
DA:76,2
DA:77,1
DA:79,1
DA:80,1
DA:94,1
DA:95,0
DA:96,0
DA:97,0
DA:98,0
DA:99,0
DA:101,0
DA:102,0
DA:111,1
DA:112,0
DA:113,0
DA:114,0
DA:115,0
DA:117,0
DA:118,0
DA:124,1
DA:125,1
DA:127,1
LF:45
LH:32
BRDA:4,0,0,0
BRDA:4,1,0,0
BRDA:7,2,0,2
BRDA:7,2,1,0
BRDA:8,3,0,2
BRDA:8,3,1,0
BRDA:16,4,0,1
BRDA:16,4,1,1
BRDA:76,5,0,1
BRDA:76,5,1,1
BRDA:98,6,0,0
BRDA:98,6,1,0
BRDA:114,7,0,0
BRDA:114,7,1,0
BRF:14
BRH:6
end_of_record
TN:
SF:src/controller/borrowController.js
FN:3,(anonymous_0)
FN:27,(anonymous_1)
FN:57,(anonymous_2)
FN:79,(anonymous_3)
FN:92,(anonymous_4)
FNF:5
FNH:3
FNDA:1,(anonymous_0)
FNDA:3,(anonymous_1)
FNDA:0,(anonymous_2)
FNDA:0,(anonymous_3)
FNDA:1,(anonymous_4)
DA:3,1
DA:4,1
DA:19,1
DA:27,1
DA:28,3
DA:29,3
DA:30,3
DA:31,3
DA:32,3
DA:33,3
DA:34,1
DA:36,2
DA:37,1
DA:40,1
DA:42,1
DA:44,1
DA:45,0
DA:47,1
DA:57,1
DA:58,0
DA:59,0
DA:61,0
DA:62,0
DA:63,0
DA:66,0
DA:67,0
DA:68,0
DA:69,0
DA:72,0
DA:73,0
DA:79,1
DA:80,0
DA:81,0
DA:82,0
DA:83,0
DA:85,0
DA:86,0
DA:92,1
DA:93,1
DA:94,1
LF:40
LH:22
BRDA:31,0,0,3
BRDA:31,0,1,0
BRDA:33,1,0,1
BRDA:33,1,1,2
BRDA:36,2,0,1
BRDA:36,2,1,1
BRDA:44,3,0,0
BRDA:44,3,1,1
BRDA:62,4,0,0
BRDA:62,4,1,0
BRDA:66,5,0,0
BRDA:66,5,1,0
BRDA:68,6,0,0
BRDA:68,6,1,0
BRDA:82,7,0,0
BRDA:82,7,1,0
BRF:16
BRH:6
end_of_record
TN:
SF:src/middleware/authMiddleware.js
FN:5,(anonymous_0)
FNF:1
FNH:1
FNDA:6,(anonymous_0)
DA:5,1
DA:8,6
DA:9,3
DA:10,3
DA:11,1
DA:13,6
DA:14,2
DA:17,4
DA:18,4
DA:19,3
DA:20,3
DA:21,1
DA:23,2
DA:24,2
DA:26,1
LF:15
LH:15
BRDA:8,0,0,3
BRDA:8,0,1,3
BRDA:8,1,0,6
BRDA:8,1,1,4
BRDA:10,2,0,1
BRDA:10,2,1,2
BRDA:10,3,0,3
BRDA:10,3,1,1
BRDA:13,4,0,2
BRDA:13,4,1,4
BRDA:20,5,0,1
BRDA:20,5,1,2
BRF:12
BRH:12
end_of_record
TN:
SF:src/utils/generateToken.js
FN:3,(anonymous_0)
FNF:1
FNH:1
FNDA:5,(anonymous_0)
DA:3,1
DA:4,5
DA:8,5
DA:10,5
DA:17,5
LF:5
LH:5
BRDA:8,0,0,5
BRDA:8,0,1,1
BRF:2
BRH:2
end_of_record
